2018-12-09 22:51:37.492 [main] DEBUG org.jboss.logging - Logging Provider: org.jboss.logging.Log4j2LoggerProvider
2018-12-09 22:51:37.612 [main] DEBUG org.hibernate.jpa.HibernatePersistenceProvider - Located and parsed 1 persistence units; checking each
2018-12-09 22:51:37.612 [main] DEBUG org.hibernate.jpa.HibernatePersistenceProvider - Checking persistence-unit [name=thePersistenceUnit, explicit-provider=null] against incoming persistence unit name [thePersistenceUnit]
2018-12-09 22:51:37.613 [main] DEBUG org.hibernate.jpa.boot.spi.ProviderChecker - No PersistenceProvider explicitly requested, assuming Hibernate
2018-12-09 22:51:37.620 [main] DEBUG org.hibernate.jpa.internal.util.LogHelper - PersistenceUnitInfo [
	name: thePersistenceUnit
	persistence provider classname: null
	classloader: null
	excludeUnlistedClasses: false
	JTA datasource: null
	Non JTA datasource: null
	Transaction type: RESOURCE_LOCAL
	PU root URL: file:/C:/Work/DataBaseOnHibernate/build/resources/main/
	Shared Cache Mode: null
	Validation Mode: null
	Jar files URLs []
	Managed classes names []
	Mapping files names []
	Properties [
		hibernate.dialect: org.hibernate.dialect.H2Dialect
		hibernate.connection.url: jdbc:h2:mem:test
		hibernate.hbm2ddl.auto: update]
2018-12-09 22:51:37.625 [main] DEBUG org.hibernate.integrator.internal.IntegratorServiceImpl - Adding Integrator [org.hibernate.cfg.beanvalidation.BeanValidationIntegrator].
2018-12-09 22:51:37.626 [main] DEBUG org.hibernate.integrator.internal.IntegratorServiceImpl - Adding Integrator [org.hibernate.secure.spi.JaccIntegrator].
2018-12-09 22:51:37.631 [main] DEBUG org.hibernate.integrator.internal.IntegratorServiceImpl - Adding Integrator [org.hibernate.cache.internal.CollectionCacheInvalidator].
2018-12-09 22:51:37.735 [main] INFO  org.hibernate.Version - HHH000412: Hibernate Core {5.3.7.Final}
2018-12-09 22:51:37.737 [main] INFO  org.hibernate.cfg.Environment - HHH000206: hibernate.properties not found
2018-12-09 22:51:37.866 [main] DEBUG org.hibernate.service.spi.ServiceBinding - Overriding existing service binding [org.hibernate.secure.spi.JaccService]
2018-12-09 22:51:37.890 [main] DEBUG org.hibernate.cache.internal.RegionFactoryInitiator - Cannot default RegionFactory based on registered strategies as `[]` RegionFactory strategies were registered
2018-12-09 22:51:37.891 [main] DEBUG org.hibernate.cache.internal.RegionFactoryInitiator - Cache region factory : org.hibernate.cache.internal.NoCachingRegionFactory
2018-12-09 22:51:37.908 [main] INFO  org.hibernate.annotations.common.Version - HCANN000001: Hibernate Commons Annotations {5.0.4.Final}
2018-12-09 22:51:37.987 [main] DEBUG org.hibernate.type.BasicTypeRegistry - Adding type registration boolean -> org.hibernate.type.BooleanType@5824a83d
2018-12-09 22:51:37.987 [main] DEBUG org.hibernate.type.BasicTypeRegistry - Adding type registration boolean -> org.hibernate.type.BooleanType@5824a83d
2018-12-09 22:51:37.987 [main] DEBUG org.hibernate.type.BasicTypeRegistry - Adding type registration java.lang.Boolean -> org.hibernate.type.BooleanType@5824a83d
2018-12-09 22:51:37.988 [main] DEBUG org.hibernate.type.BasicTypeRegistry - Adding type registration numeric_boolean -> org.hibernate.type.NumericBooleanType@18df8434
2018-12-09 22:51:37.988 [main] DEBUG org.hibernate.type.BasicTypeRegistry - Adding type registration true_false -> org.hibernate.type.TrueFalseType@229c6181
2018-12-09 22:51:37.989 [main] DEBUG org.hibernate.type.BasicTypeRegistry - Adding type registration yes_no -> org.hibernate.type.YesNoType@791f145a
2018-12-09 22:51:37.990 [main] DEBUG org.hibernate.type.BasicTypeRegistry - Adding type registration byte -> org.hibernate.type.ByteType@41a0aa7d
2018-12-09 22:51:37.990 [main] DEBUG org.hibernate.type.BasicTypeRegistry - Adding type registration byte -> org.hibernate.type.ByteType@41a0aa7d
2018-12-09 22:51:37.990 [main] DEBUG org.hibernate.type.BasicTypeRegistry - Adding type registration java.lang.Byte -> org.hibernate.type.ByteType@41a0aa7d
2018-12-09 22:51:37.991 [main] DEBUG org.hibernate.type.BasicTypeRegistry - Adding type registration character -> org.hibernate.type.CharacterType@1ffaf86
2018-12-09 22:51:37.991 [main] DEBUG org.hibernate.type.BasicTypeRegistry - Adding type registration char -> org.hibernate.type.CharacterType@1ffaf86
2018-12-09 22:51:37.992 [main] DEBUG org.hibernate.type.BasicTypeRegistry - Adding type registration java.lang.Character -> org.hibernate.type.CharacterType@1ffaf86
2018-12-09 22:51:37.993 [main] DEBUG org.hibernate.type.BasicTypeRegistry - Adding type registration short -> org.hibernate.type.ShortType@20140db9
2018-12-09 22:51:37.993 [main] DEBUG org.hibernate.type.BasicTypeRegistry - Adding type registration short -> org.hibernate.type.ShortType@20140db9
2018-12-09 22:51:37.993 [main] DEBUG org.hibernate.type.BasicTypeRegistry - Adding type registration java.lang.Short -> org.hibernate.type.ShortType@20140db9
2018-12-09 22:51:37.994 [main] DEBUG org.hibernate.type.BasicTypeRegistry - Adding type registration integer -> org.hibernate.type.IntegerType@55a147cc
2018-12-09 22:51:37.994 [main] DEBUG org.hibernate.type.BasicTypeRegistry - Adding type registration int -> org.hibernate.type.IntegerType@55a147cc
2018-12-09 22:51:37.995 [main] DEBUG org.hibernate.type.BasicTypeRegistry - Adding type registration java.lang.Integer -> org.hibernate.type.IntegerType@55a147cc
2018-12-09 22:51:37.996 [main] DEBUG org.hibernate.type.BasicTypeRegistry - Adding type registration long -> org.hibernate.type.LongType@4145bad8
2018-12-09 22:51:37.996 [main] DEBUG org.hibernate.type.BasicTypeRegistry - Adding type registration long -> org.hibernate.type.LongType@4145bad8
2018-12-09 22:51:37.996 [main] DEBUG org.hibernate.type.BasicTypeRegistry - Adding type registration java.lang.Long -> org.hibernate.type.LongType@4145bad8
2018-12-09 22:51:37.997 [main] DEBUG org.hibernate.type.BasicTypeRegistry - Adding type registration float -> org.hibernate.type.FloatType@750e2b97
2018-12-09 22:51:37.997 [main] DEBUG org.hibernate.type.BasicTypeRegistry - Adding type registration float -> org.hibernate.type.FloatType@750e2b97
2018-12-09 22:51:37.997 [main] DEBUG org.hibernate.type.BasicTypeRegistry - Adding type registration java.lang.Float -> org.hibernate.type.FloatType@750e2b97
2018-12-09 22:51:37.997 [main] DEBUG org.hibernate.type.BasicTypeRegistry - Adding type registration double -> org.hibernate.type.DoubleType@2a7f1f10
2018-12-09 22:51:37.998 [main] DEBUG org.hibernate.type.BasicTypeRegistry - Adding type registration double -> org.hibernate.type.DoubleType@2a7f1f10
2018-12-09 22:51:37.998 [main] DEBUG org.hibernate.type.BasicTypeRegistry - Adding type registration java.lang.Double -> org.hibernate.type.DoubleType@2a7f1f10
2018-12-09 22:51:37.998 [main] DEBUG org.hibernate.type.BasicTypeRegistry - Adding type registration big_decimal -> org.hibernate.type.BigDecimalType@f78a47e
2018-12-09 22:51:37.999 [main] DEBUG org.hibernate.type.BasicTypeRegistry - Adding type registration java.math.BigDecimal -> org.hibernate.type.BigDecimalType@f78a47e
2018-12-09 22:51:37.999 [main] DEBUG org.hibernate.type.BasicTypeRegistry - Adding type registration big_integer -> org.hibernate.type.BigIntegerType@6d4d66d2
2018-12-09 22:51:38.000 [main] DEBUG org.hibernate.type.BasicTypeRegistry - Adding type registration java.math.BigInteger -> org.hibernate.type.BigIntegerType@6d4d66d2
2018-12-09 22:51:38.001 [main] DEBUG org.hibernate.type.BasicTypeRegistry - Adding type registration string -> org.hibernate.type.StringType@76a4ebf2
2018-12-09 22:51:38.001 [main] DEBUG org.hibernate.type.BasicTypeRegistry - Adding type registration java.lang.String -> org.hibernate.type.StringType@76a4ebf2
2018-12-09 22:51:38.001 [main] DEBUG org.hibernate.type.BasicTypeRegistry - Adding type registration nstring -> org.hibernate.type.StringNVarcharType@449a4f23
2018-12-09 22:51:38.002 [main] DEBUG org.hibernate.type.BasicTypeRegistry - Adding type registration ncharacter -> org.hibernate.type.CharacterNCharType@78e4deb0
2018-12-09 22:51:38.003 [main] DEBUG org.hibernate.type.BasicTypeRegistry - Adding type registration url -> org.hibernate.type.UrlType@2eae8e6e
2018-12-09 22:51:38.003 [main] DEBUG org.hibernate.type.BasicTypeRegistry - Adding type registration java.net.URL -> org.hibernate.type.UrlType@2eae8e6e
2018-12-09 22:51:38.004 [main] DEBUG org.hibernate.type.BasicTypeRegistry - Adding type registration Duration -> org.hibernate.type.DurationType@69e153c5
2018-12-09 22:51:38.005 [main] DEBUG org.hibernate.type.BasicTypeRegistry - Adding type registration java.time.Duration -> org.hibernate.type.DurationType@69e153c5
2018-12-09 22:51:38.026 [main] DEBUG org.hibernate.type.BasicTypeRegistry - Adding type registration Instant -> org.hibernate.type.InstantType@663c9e7a
2018-12-09 22:51:38.026 [main] DEBUG org.hibernate.type.BasicTypeRegistry - Adding type registration java.time.Instant -> org.hibernate.type.InstantType@663c9e7a
2018-12-09 22:51:38.028 [main] DEBUG org.hibernate.type.BasicTypeRegistry - Adding type registration LocalDateTime -> org.hibernate.type.LocalDateTimeType@6bbe85a8
2018-12-09 22:51:38.028 [main] DEBUG org.hibernate.type.BasicTypeRegistry - Adding type registration java.time.LocalDateTime -> org.hibernate.type.LocalDateTimeType@6bbe85a8
2018-12-09 22:51:38.029 [main] DEBUG org.hibernate.type.BasicTypeRegistry - Adding type registration LocalDate -> org.hibernate.type.LocalDateType@53fb3dab
2018-12-09 22:51:38.029 [main] DEBUG org.hibernate.type.BasicTypeRegistry - Adding type registration java.time.LocalDate -> org.hibernate.type.LocalDateType@53fb3dab
2018-12-09 22:51:38.031 [main] DEBUG org.hibernate.type.BasicTypeRegistry - Adding type registration LocalTime -> org.hibernate.type.LocalTimeType@742ff096
2018-12-09 22:51:38.031 [main] DEBUG org.hibernate.type.BasicTypeRegistry - Adding type registration java.time.LocalTime -> org.hibernate.type.LocalTimeType@742ff096
2018-12-09 22:51:38.032 [main] DEBUG org.hibernate.type.BasicTypeRegistry - Adding type registration OffsetDateTime -> org.hibernate.type.OffsetDateTimeType@79e4c792
2018-12-09 22:51:38.032 [main] DEBUG org.hibernate.type.BasicTypeRegistry - Adding type registration java.time.OffsetDateTime -> org.hibernate.type.OffsetDateTimeType@79e4c792
2018-12-09 22:51:38.034 [main] DEBUG org.hibernate.type.BasicTypeRegistry - Adding type registration OffsetTime -> org.hibernate.type.OffsetTimeType@1349883
2018-12-09 22:51:38.034 [main] DEBUG org.hibernate.type.BasicTypeRegistry - Adding type registration java.time.OffsetTime -> org.hibernate.type.OffsetTimeType@1349883
2018-12-09 22:51:38.037 [main] DEBUG org.hibernate.type.BasicTypeRegistry - Adding type registration ZonedDateTime -> org.hibernate.type.ZonedDateTimeType@48075da3
2018-12-09 22:51:38.037 [main] DEBUG org.hibernate.type.BasicTypeRegistry - Adding type registration java.time.ZonedDateTime -> org.hibernate.type.ZonedDateTimeType@48075da3
2018-12-09 22:51:38.039 [main] DEBUG org.hibernate.type.BasicTypeRegistry - Adding type registration date -> org.hibernate.type.DateType@645aa696
2018-12-09 22:51:38.039 [main] DEBUG org.hibernate.type.BasicTypeRegistry - Adding type registration java.sql.Date -> org.hibernate.type.DateType@645aa696
2018-12-09 22:51:38.040 [main] DEBUG org.hibernate.type.BasicTypeRegistry - Adding type registration time -> org.hibernate.type.TimeType@33bc72d1
2018-12-09 22:51:38.040 [main] DEBUG org.hibernate.type.BasicTypeRegistry - Adding type registration java.sql.Time -> org.hibernate.type.TimeType@33bc72d1
2018-12-09 22:51:38.041 [main] DEBUG org.hibernate.type.BasicTypeRegistry - Adding type registration timestamp -> org.hibernate.type.TimestampType@353352b6
2018-12-09 22:51:38.041 [main] DEBUG org.hibernate.type.BasicTypeRegistry - Adding type registration java.sql.Timestamp -> org.hibernate.type.TimestampType@353352b6
2018-12-09 22:51:38.041 [main] DEBUG org.hibernate.type.BasicTypeRegistry - Adding type registration java.util.Date -> org.hibernate.type.TimestampType@353352b6
2018-12-09 22:51:38.043 [main] DEBUG org.hibernate.type.BasicTypeRegistry - Adding type registration dbtimestamp -> org.hibernate.type.DbTimestampType@402c4085
2018-12-09 22:51:38.043 [main] DEBUG org.hibernate.type.BasicTypeRegistry - Adding type registration calendar -> org.hibernate.type.CalendarType@14028087
2018-12-09 22:51:38.043 [main] DEBUG org.hibernate.type.BasicTypeRegistry - Adding type registration java.util.Calendar -> org.hibernate.type.CalendarType@14028087
2018-12-09 22:51:38.043 [main] DEBUG org.hibernate.type.BasicTypeRegistry - Adding type registration java.util.GregorianCalendar -> org.hibernate.type.CalendarType@14028087
2018-12-09 22:51:38.044 [main] DEBUG org.hibernate.type.BasicTypeRegistry - Adding type registration calendar_date -> org.hibernate.type.CalendarDateType@7ce026d3
2018-12-09 22:51:38.045 [main] DEBUG org.hibernate.type.BasicTypeRegistry - Adding type registration locale -> org.hibernate.type.LocaleType@6e9a5ed8
2018-12-09 22:51:38.045 [main] DEBUG org.hibernate.type.BasicTypeRegistry - Adding type registration java.util.Locale -> org.hibernate.type.LocaleType@6e9a5ed8
2018-12-09 22:51:38.046 [main] DEBUG org.hibernate.type.BasicTypeRegistry - Adding type registration currency -> org.hibernate.type.CurrencyType@31ea9581
2018-12-09 22:51:38.046 [main] DEBUG org.hibernate.type.BasicTypeRegistry - Adding type registration java.util.Currency -> org.hibernate.type.CurrencyType@31ea9581
2018-12-09 22:51:38.047 [main] DEBUG org.hibernate.type.BasicTypeRegistry - Adding type registration timezone -> org.hibernate.type.TimeZoneType@221a3fa4
2018-12-09 22:51:38.047 [main] DEBUG org.hibernate.type.BasicTypeRegistry - Adding type registration java.util.TimeZone -> org.hibernate.type.TimeZoneType@221a3fa4
2018-12-09 22:51:38.048 [main] DEBUG org.hibernate.type.BasicTypeRegistry - Adding type registration class -> org.hibernate.type.ClassType@8462f31
2018-12-09 22:51:38.048 [main] DEBUG org.hibernate.type.BasicTypeRegistry - Adding type registration java.lang.Class -> org.hibernate.type.ClassType@8462f31
2018-12-09 22:51:38.049 [main] DEBUG org.hibernate.type.BasicTypeRegistry - Adding type registration uuid-binary -> org.hibernate.type.UUIDBinaryType@59402b8f
2018-12-09 22:51:38.049 [main] DEBUG org.hibernate.type.BasicTypeRegistry - Adding type registration java.util.UUID -> org.hibernate.type.UUIDBinaryType@59402b8f
2018-12-09 22:51:38.049 [main] DEBUG org.hibernate.type.BasicTypeRegistry - Adding type registration uuid-char -> org.hibernate.type.UUIDCharType@7c37508a
2018-12-09 22:51:38.050 [main] DEBUG org.hibernate.type.BasicTypeRegistry - Adding type registration binary -> org.hibernate.type.BinaryType@4a003cbe
2018-12-09 22:51:38.050 [main] DEBUG org.hibernate.type.BasicTypeRegistry - Adding type registration byte[] -> org.hibernate.type.BinaryType@4a003cbe
2018-12-09 22:51:38.050 [main] DEBUG org.hibernate.type.BasicTypeRegistry - Adding type registration [B -> org.hibernate.type.BinaryType@4a003cbe
2018-12-09 22:51:38.050 [main] DEBUG org.hibernate.type.BasicTypeRegistry - Adding type registration wrapper-binary -> org.hibernate.type.WrapperBinaryType@359df09a
2018-12-09 22:51:38.050 [main] DEBUG org.hibernate.type.BasicTypeRegistry - Adding type registration Byte[] -> org.hibernate.type.WrapperBinaryType@359df09a
2018-12-09 22:51:38.051 [main] DEBUG org.hibernate.type.BasicTypeRegistry - Adding type registration [Ljava.lang.Byte; -> org.hibernate.type.WrapperBinaryType@359df09a
2018-12-09 22:51:38.051 [main] DEBUG org.hibernate.type.BasicTypeRegistry - Adding type registration row_version -> org.hibernate.type.RowVersionType@19932c16
2018-12-09 22:51:38.052 [main] DEBUG org.hibernate.type.BasicTypeRegistry - Adding type registration image -> org.hibernate.type.ImageType@305ffe9e
2018-12-09 22:51:38.052 [main] DEBUG org.hibernate.type.BasicTypeRegistry - Adding type registration characters -> org.hibernate.type.CharArrayType@61c4eee0
2018-12-09 22:51:38.052 [main] DEBUG org.hibernate.type.BasicTypeRegistry - Adding type registration char[] -> org.hibernate.type.CharArrayType@61c4eee0
2018-12-09 22:51:38.052 [main] DEBUG org.hibernate.type.BasicTypeRegistry - Adding type registration [C -> org.hibernate.type.CharArrayType@61c4eee0
2018-12-09 22:51:38.053 [main] DEBUG org.hibernate.type.BasicTypeRegistry - Adding type registration wrapper-characters -> org.hibernate.type.CharacterArrayType@2a693f59
2018-12-09 22:51:38.054 [main] DEBUG org.hibernate.type.BasicTypeRegistry - Adding type registration [Ljava.lang.Character; -> org.hibernate.type.CharacterArrayType@2a693f59
2018-12-09 22:51:38.054 [main] DEBUG org.hibernate.type.BasicTypeRegistry - Adding type registration Character[] -> org.hibernate.type.CharacterArrayType@2a693f59
2018-12-09 22:51:38.054 [main] DEBUG org.hibernate.type.BasicTypeRegistry - Adding type registration text -> org.hibernate.type.TextType@533bda92
2018-12-09 22:51:38.055 [main] DEBUG org.hibernate.type.BasicTypeRegistry - Adding type registration ntext -> org.hibernate.type.NTextType@25be7b63
2018-12-09 22:51:38.056 [main] DEBUG org.hibernate.type.BasicTypeRegistry - Adding type registration blob -> org.hibernate.type.BlobType@c430e6c
2018-12-09 22:51:38.056 [main] DEBUG org.hibernate.type.BasicTypeRegistry - Adding type registration java.sql.Blob -> org.hibernate.type.BlobType@c430e6c
2018-12-09 22:51:38.057 [main] DEBUG org.hibernate.type.BasicTypeRegistry - Adding type registration materialized_blob -> org.hibernate.type.MaterializedBlobType@72bc6553
2018-12-09 22:51:38.058 [main] DEBUG org.hibernate.type.BasicTypeRegistry - Adding type registration clob -> org.hibernate.type.ClobType@71075444
2018-12-09 22:51:38.058 [main] DEBUG org.hibernate.type.BasicTypeRegistry - Adding type registration java.sql.Clob -> org.hibernate.type.ClobType@71075444
2018-12-09 22:51:38.059 [main] DEBUG org.hibernate.type.BasicTypeRegistry - Adding type registration nclob -> org.hibernate.type.NClobType@6f01b95f
2018-12-09 22:51:38.059 [main] DEBUG org.hibernate.type.BasicTypeRegistry - Adding type registration java.sql.NClob -> org.hibernate.type.NClobType@6f01b95f
2018-12-09 22:51:38.059 [main] DEBUG org.hibernate.type.BasicTypeRegistry - Adding type registration materialized_clob -> org.hibernate.type.MaterializedClobType@673fdbce
2018-12-09 22:51:38.059 [main] DEBUG org.hibernate.type.BasicTypeRegistry - Adding type registration materialized_nclob -> org.hibernate.type.MaterializedNClobType@4201c465
2018-12-09 22:51:38.061 [main] DEBUG org.hibernate.type.BasicTypeRegistry - Adding type registration serializable -> org.hibernate.type.SerializableType@eadd4fb
2018-12-09 22:51:38.063 [main] DEBUG org.hibernate.type.BasicTypeRegistry - Adding type registration object -> org.hibernate.type.ObjectType@5b38c1ec
2018-12-09 22:51:38.064 [main] DEBUG org.hibernate.type.BasicTypeRegistry - Adding type registration java.lang.Object -> org.hibernate.type.ObjectType@5b38c1ec
2018-12-09 22:51:38.064 [main] DEBUG org.hibernate.type.BasicTypeRegistry - Adding type registration imm_date -> org.hibernate.type.AdaptedImmutableType@48e1f6c7
2018-12-09 22:51:38.064 [main] DEBUG org.hibernate.type.BasicTypeRegistry - Adding type registration imm_time -> org.hibernate.type.AdaptedImmutableType@55cb6996
2018-12-09 22:51:38.064 [main] DEBUG org.hibernate.type.BasicTypeRegistry - Adding type registration imm_timestamp -> org.hibernate.type.AdaptedImmutableType@1807e3f6
2018-12-09 22:51:38.064 [main] DEBUG org.hibernate.type.BasicTypeRegistry - Adding type registration imm_dbtimestamp -> org.hibernate.type.AdaptedImmutableType@480d3575
2018-12-09 22:51:38.064 [main] DEBUG org.hibernate.type.BasicTypeRegistry - Adding type registration imm_calendar -> org.hibernate.type.AdaptedImmutableType@f1da57d
2018-12-09 22:51:38.064 [main] DEBUG org.hibernate.type.BasicTypeRegistry - Adding type registration imm_calendar_date -> org.hibernate.type.AdaptedImmutableType@194fad1
2018-12-09 22:51:38.064 [main] DEBUG org.hibernate.type.BasicTypeRegistry - Adding type registration imm_binary -> org.hibernate.type.AdaptedImmutableType@26abb146
2018-12-09 22:51:38.065 [main] DEBUG org.hibernate.type.BasicTypeRegistry - Adding type registration imm_serializable -> org.hibernate.type.AdaptedImmutableType@72c8e7b
2018-12-09 22:51:38.072 [main] DEBUG org.hibernate.boot.internal.BootstrapContextImpl - Injecting ScanEnvironment [org.hibernate.jpa.boot.internal.StandardJpaScanEnvironmentImpl@29d80d2b] into BootstrapContext; was [null]
2018-12-09 22:51:38.072 [main] DEBUG org.hibernate.boot.internal.BootstrapContextImpl - Injecting ScanOptions [org.hibernate.boot.archive.scan.internal.StandardScanOptions@58e1d9d] into BootstrapContext; was [org.hibernate.boot.archive.scan.internal.StandardScanOptions@446a1e84]
2018-12-09 22:51:38.082 [main] DEBUG org.hibernate.boot.internal.BootstrapContextImpl - Injecting JPA temp ClassLoader [null] into BootstrapContext; was [null]
2018-12-09 22:51:38.083 [main] DEBUG org.hibernate.boot.internal.ClassLoaderAccessImpl - ClassLoaderAccessImpl#injectTempClassLoader(null) [was null]
2018-12-09 22:51:38.092 [main] DEBUG org.hibernate.id.factory.internal.DefaultIdentifierGeneratorFactory - Registering IdentifierGenerator strategy [uuid2] -> [org.hibernate.id.UUIDGenerator]
2018-12-09 22:51:38.093 [main] DEBUG org.hibernate.id.factory.internal.DefaultIdentifierGeneratorFactory - Registering IdentifierGenerator strategy [guid] -> [org.hibernate.id.GUIDGenerator]
2018-12-09 22:51:38.094 [main] DEBUG org.hibernate.id.factory.internal.DefaultIdentifierGeneratorFactory - Registering IdentifierGenerator strategy [uuid] -> [org.hibernate.id.UUIDHexGenerator]
2018-12-09 22:51:38.094 [main] DEBUG org.hibernate.id.factory.internal.DefaultIdentifierGeneratorFactory - Registering IdentifierGenerator strategy [uuid.hex] -> [org.hibernate.id.UUIDHexGenerator]
2018-12-09 22:51:38.094 [main] DEBUG org.hibernate.id.factory.internal.DefaultIdentifierGeneratorFactory - Registering IdentifierGenerator strategy [assigned] -> [org.hibernate.id.Assigned]
2018-12-09 22:51:38.095 [main] DEBUG org.hibernate.id.factory.internal.DefaultIdentifierGeneratorFactory - Registering IdentifierGenerator strategy [identity] -> [org.hibernate.id.IdentityGenerator]
2018-12-09 22:51:38.095 [main] DEBUG org.hibernate.id.factory.internal.DefaultIdentifierGeneratorFactory - Registering IdentifierGenerator strategy [select] -> [org.hibernate.id.SelectGenerator]
2018-12-09 22:51:38.096 [main] DEBUG org.hibernate.id.factory.internal.DefaultIdentifierGeneratorFactory - Registering IdentifierGenerator strategy [sequence] -> [org.hibernate.id.enhanced.SequenceStyleGenerator]
2018-12-09 22:51:38.097 [main] DEBUG org.hibernate.id.factory.internal.DefaultIdentifierGeneratorFactory - Registering IdentifierGenerator strategy [seqhilo] -> [org.hibernate.id.SequenceHiLoGenerator]
2018-12-09 22:51:38.098 [main] DEBUG org.hibernate.id.factory.internal.DefaultIdentifierGeneratorFactory - Registering IdentifierGenerator strategy [increment] -> [org.hibernate.id.IncrementGenerator]
2018-12-09 22:51:38.098 [main] DEBUG org.hibernate.id.factory.internal.DefaultIdentifierGeneratorFactory - Registering IdentifierGenerator strategy [foreign] -> [org.hibernate.id.ForeignGenerator]
2018-12-09 22:51:38.098 [main] DEBUG org.hibernate.id.factory.internal.DefaultIdentifierGeneratorFactory - Registering IdentifierGenerator strategy [sequence-identity] -> [org.hibernate.id.SequenceIdentityGenerator]
2018-12-09 22:51:38.098 [main] DEBUG org.hibernate.id.factory.internal.DefaultIdentifierGeneratorFactory - Registering IdentifierGenerator strategy [enhanced-sequence] -> [org.hibernate.id.enhanced.SequenceStyleGenerator]
2018-12-09 22:51:38.099 [main] DEBUG org.hibernate.id.factory.internal.DefaultIdentifierGeneratorFactory - Registering IdentifierGenerator strategy [enhanced-table] -> [org.hibernate.id.enhanced.TableGenerator]
2018-12-09 22:51:38.103 [main] WARN  org.hibernate.orm.connections.pooling - HHH10001002: Using Hibernate built-in connection pool (not for production use!)
2018-12-09 22:51:38.103 [main] DEBUG org.hibernate.orm.connections.pooling - No driver class specified
2018-12-09 22:51:38.103 [main] INFO  org.hibernate.orm.connections.pooling - HHH10001005: using driver [null] at URL [jdbc:h2:mem:test]
2018-12-09 22:51:38.104 [main] INFO  org.hibernate.orm.connections.pooling - HHH10001001: Connection properties: {}
2018-12-09 22:51:38.104 [main] INFO  org.hibernate.orm.connections.pooling - HHH10001003: Autocommit mode: false
2018-12-09 22:51:38.106 [main] DEBUG org.hibernate.engine.jdbc.connections.internal.DriverManagerConnectionProviderImpl - Initializing Connection pool with 1 Connections
2018-12-09 22:51:38.106 [main] INFO  org.hibernate.engine.jdbc.connections.internal.DriverManagerConnectionProviderImpl - HHH000115: Hibernate connection pool size: 20 (min=1)
2018-12-09 22:51:38.262 [main] DEBUG org.hibernate.engine.jdbc.env.internal.JdbcEnvironmentInitiator - Database ->
       name : H2
    version : 1.4.197 (2018-03-18)
      major : 1
      minor : 4
2018-12-09 22:51:38.262 [main] DEBUG org.hibernate.engine.jdbc.env.internal.JdbcEnvironmentInitiator - Driver ->
       name : H2 JDBC Driver
    version : 1.4.197 (2018-03-18)
      major : 1
      minor : 4
2018-12-09 22:51:38.262 [main] DEBUG org.hibernate.engine.jdbc.env.internal.JdbcEnvironmentInitiator - JDBC version : 4.0
2018-12-09 22:51:38.275 [main] INFO  org.hibernate.dialect.Dialect - HHH000400: Using dialect: org.hibernate.dialect.H2Dialect
2018-12-09 22:51:38.337 [main] DEBUG org.hibernate.boot.model.relational.Namespace - Created database namespace [logicalName=Name{catalog=null, schema=null}, physicalName=Name{catalog=null, schema=null}]
2018-12-09 22:51:38.339 [main] DEBUG org.hibernate.type.spi.TypeConfiguration$Scope - Scoping TypeConfiguration [org.hibernate.type.spi.TypeConfiguration@324a0017] to MetadataBuildingContext [org.hibernate.boot.internal.MetadataBuildingContextRootImpl@6187d1f5]
2018-12-09 22:51:38.410 [main] DEBUG org.hibernate.internal.SessionFactoryImpl - Building session factory
2018-12-09 22:51:38.411 [main] DEBUG org.hibernate.cfg.Settings - SessionFactory name : null
2018-12-09 22:51:38.411 [main] DEBUG org.hibernate.cfg.Settings - Automatic flush during beforeCompletion(): enabled
2018-12-09 22:51:38.411 [main] DEBUG org.hibernate.cfg.Settings - Automatic session close at end of transaction: disabled
2018-12-09 22:51:38.411 [main] DEBUG org.hibernate.cfg.Settings - Statistics: disabled
2018-12-09 22:51:38.411 [main] DEBUG org.hibernate.cfg.Settings - Deleted entity synthetic identifier rollback: disabled
2018-12-09 22:51:38.411 [main] DEBUG org.hibernate.cfg.Settings - Default entity-mode: pojo
2018-12-09 22:51:38.411 [main] DEBUG org.hibernate.cfg.Settings - Check Nullability in Core (should be disabled when Bean Validation is on): enabled
2018-12-09 22:51:38.411 [main] DEBUG org.hibernate.cfg.Settings - Allow initialization of lazy state outside session : disabled
2018-12-09 22:51:38.411 [main] DEBUG org.hibernate.cfg.Settings - Using BatchFetchStyle : LEGACY
2018-12-09 22:51:38.411 [main] DEBUG org.hibernate.cfg.Settings - Default batch fetch size: -1
2018-12-09 22:51:38.412 [main] DEBUG org.hibernate.cfg.Settings - Maximum outer join fetch depth: null
2018-12-09 22:51:38.412 [main] DEBUG org.hibernate.cfg.Settings - Default null ordering: NONE
2018-12-09 22:51:38.412 [main] DEBUG org.hibernate.cfg.Settings - Order SQL updates by primary key: disabled
2018-12-09 22:51:38.412 [main] DEBUG org.hibernate.cfg.Settings - Order SQL inserts for batching: disabled
2018-12-09 22:51:38.412 [main] DEBUG org.hibernate.cfg.Settings - multi-tenancy strategy : NONE
2018-12-09 22:51:38.412 [main] DEBUG org.hibernate.cfg.Settings - JTA Track by Thread: enabled
2018-12-09 22:51:38.412 [main] DEBUG org.hibernate.cfg.Settings - Query language substitutions: {}
2018-12-09 22:51:38.412 [main] DEBUG org.hibernate.cfg.Settings - Named query checking : enabled
2018-12-09 22:51:38.412 [main] DEBUG org.hibernate.cfg.Settings - Second-level cache: disabled
2018-12-09 22:51:38.412 [main] DEBUG org.hibernate.cfg.Settings - Second-level query cache: disabled
2018-12-09 22:51:38.412 [main] DEBUG org.hibernate.cfg.Settings - Second-level query cache factory: null
2018-12-09 22:51:38.412 [main] DEBUG org.hibernate.cfg.Settings - Second-level cache region prefix: null
2018-12-09 22:51:38.412 [main] DEBUG org.hibernate.cfg.Settings - Optimize second-level cache for minimal puts: disabled
2018-12-09 22:51:38.412 [main] DEBUG org.hibernate.cfg.Settings - Structured second-level cache entries: disabled
2018-12-09 22:51:38.412 [main] DEBUG org.hibernate.cfg.Settings - Second-level cache direct-reference entries: disabled
2018-12-09 22:51:38.412 [main] DEBUG org.hibernate.cfg.Settings - Automatic eviction of collection cache: disabled
2018-12-09 22:51:38.413 [main] DEBUG org.hibernate.cfg.Settings - JDBC batch size: 15
2018-12-09 22:51:38.413 [main] DEBUG org.hibernate.cfg.Settings - JDBC batch updates for versioned data: enabled
2018-12-09 22:51:38.413 [main] DEBUG org.hibernate.cfg.Settings - Scrollable result sets: enabled
2018-12-09 22:51:38.413 [main] DEBUG org.hibernate.cfg.Settings - Wrap result sets: disabled
2018-12-09 22:51:38.413 [main] DEBUG org.hibernate.cfg.Settings - JDBC3 getGeneratedKeys(): enabled
2018-12-09 22:51:38.413 [main] DEBUG org.hibernate.cfg.Settings - JDBC result set fetch size: null
2018-12-09 22:51:38.413 [main] DEBUG org.hibernate.cfg.Settings - Connection release mode: AFTER_TRANSACTION
2018-12-09 22:51:38.413 [main] DEBUG org.hibernate.cfg.Settings - Generate SQL with comments: disabled
2018-12-09 22:51:38.413 [main] DEBUG org.hibernate.cfg.Settings - JPA compliance - query : 
2018-12-09 22:51:38.413 [main] DEBUG org.hibernate.cfg.Settings - JPA compliance - closed-handling : 
2018-12-09 22:51:38.413 [main] DEBUG org.hibernate.cfg.Settings - JPA compliance - lists : 
2018-12-09 22:51:38.413 [main] DEBUG org.hibernate.cfg.Settings - JPA compliance - transactions : 
2018-12-09 22:51:38.472 [main] DEBUG org.hibernate.internal.SessionFactoryImpl - Session factory constructed with filter configurations : {}
2018-12-09 22:51:38.472 [main] DEBUG org.hibernate.internal.SessionFactoryImpl - Instantiating session factory with properties: {sun.desktop=windows, awt.toolkit=sun.awt.windows.WToolkit, file.encoding.pkg=sun.io, java.specification.version=1.8, sun.cpu.isalist=amd64, sun.jnu.encoding=Cp1251, hibernate.dialect=org.hibernate.dialect.H2Dialect, java.class.path=C:\Work\DataBaseOnHibernate\build\classes\java\main;C:\Work\DataBaseOnHibernate\build\resources\main;C:\Users\Андрей\.gradle\caches\modules-2\files-2.1\org.apache.logging.log4j\log4j-slf4j-impl\2.9.0\1bd7f6b6ddbaf8a21d6c2b288d0cc5bc5b791cc0\log4j-slf4j-impl-2.9.0.jar;C:\Users\Андрей\.gradle\caches\modules-2\files-2.1\org.hibernate\hibernate-entitymanager\5.3.7.Final\fe5e1d601fe1dfaab79cec22a23ee72c567fcbe9\hibernate-entitymanager-5.3.7.Final.jar;C:\Users\Андрей\.gradle\caches\modules-2\files-2.1\com.h2database\h2\1.4.197\bb391050048ca8ae3e32451b5a3714ecd3596a46\h2-1.4.197.jar;C:\Users\Андрей\.gradle\caches\modules-2\files-2.1\org.slf4j\slf4j-api\1.7.25\da76ca59f6a57ee3102f8f9bd9cee742973efa8a\slf4j-api-1.7.25.jar;C:\Users\Андрей\.gradle\caches\modules-2\files-2.1\org.apache.logging.log4j\log4j-core\2.9.0\52f6548ae1688e126c29b5dc400929dc0128615\log4j-core-2.9.0.jar;C:\Users\Андрей\.gradle\caches\modules-2\files-2.1\org.apache.logging.log4j\log4j-api\2.9.0\e0dcd508dfc4864a2f5a1963d6ffad170d970375\log4j-api-2.9.0.jar;C:\Users\Андрей\.gradle\caches\modules-2\files-2.1\org.hibernate\hibernate-core\5.3.7.Final\f87c5c1bbfc638309824140e68dfaaeb1bb479f3\hibernate-core-5.3.7.Final.jar;C:\Users\Андрей\.gradle\caches\modules-2\files-2.1\org.hibernate.common\hibernate-commons-annotations\5.0.4.Final\965a18fdf939ee75e41f7918532d37b3a8350535\hibernate-commons-annotations-5.0.4.Final.jar;C:\Users\Андрей\.gradle\caches\modules-2\files-2.1\org.jboss.logging\jboss-logging\3.3.2.Final\3789d00e859632e6c6206adc0c71625559e6e3b0\jboss-logging-3.3.2.Final.jar;C:\Users\Андрей\.gradle\caches\modules-2\files-2.1\org.dom4j\dom4j\2.1.1\3dce5dbb3571aa820c677fadd8349bfa8f00c199\dom4j-2.1.1.jar;C:\Users\Андрей\.gradle\caches\modules-2\files-2.1\javax.persistence\javax.persistence-api\2.2\25665ac8c0b62f50e6488173233239120fc52c96\javax.persistence-api-2.2.jar;C:\Users\Андрей\.gradle\caches\modules-2\files-2.1\net.bytebuddy\byte-buddy\1.8.17\9a36bc0f6eb9f941da0526ad89c4fb4b8ab580f0\byte-buddy-1.8.17.jar;C:\Users\Андрей\.gradle\caches\modules-2\files-2.1\org.jboss.spec.javax.transaction\jboss-transaction-api_1.2_spec\1.1.1.Final\a8485cab9484dda36e9a8c319e76b5cc18797b58\jboss-transaction-api_1.2_spec-1.1.1.Final.jar;C:\Users\Андрей\.gradle\caches\modules-2\files-2.1\org.javassist\javassist\3.23.1-GA\c072c13dcb7f705471c40bafb1536171df850ab2\javassist-3.23.1-GA.jar;C:\Users\Андрей\.gradle\caches\modules-2\files-2.1\antlr\antlr\2.7.7\83cd2cd674a217ade95a4bb83a8a14f351f48bd0\antlr-2.7.7.jar;C:\Users\Андрей\.gradle\caches\modules-2\files-2.1\org.jboss\jandex\2.0.5.Final\7060f67764565b9ee9d467e3ed0cb8a9c601b23a\jandex-2.0.5.Final.jar;C:\Users\Андрей\.gradle\caches\modules-2\files-2.1\com.fasterxml\classmate\1.3.4\3d5f48f10bbe4eb7bd862f10c0583be2e0053c6\classmate-1.3.4.jar;C:\Users\Андрей\.gradle\caches\modules-2\files-2.1\javax.activation\javax.activation-api\1.2.0\85262acf3ca9816f9537ca47d5adeabaead7cb16\javax.activation-api-1.2.0.jar, java.vm.vendor=Oracle Corporation, sun.arch.data.model=64, user.variant=, java.vendor.url=http://java.oracle.com/, user.timezone=Europe/Moscow, os.name=Windows 7, java.vm.specification.version=1.8, user.country=RU, sun.java.launcher=SUN_STANDARD, sun.boot.library.path=C:\Program Files\Java\jdk1.8.0_191\jre\bin, sun.java.command=DBOnHibernate, sun.cpu.endian=little, user.home=C:\Users\Андрей, user.language=ru, java.specification.vendor=Oracle Corporation, java.home=C:\Program Files\Java\jdk1.8.0_191\jre, file.separator=\, line.separator=
, java.vm.specification.vendor=Oracle Corporation, java.specification.name=Java Platform API Specification, hibernate.transaction.coordinator_class=class org.hibernate.resource.transaction.backend.jdbc.internal.JdbcResourceLocalTransactionCoordinatorBuilderImpl, java.awt.graphicsenv=sun.awt.Win32GraphicsEnvironment, sun.boot.class.path=C:\Program Files\Java\jdk1.8.0_191\jre\lib\resources.jar;C:\Program Files\Java\jdk1.8.0_191\jre\lib\rt.jar;C:\Program Files\Java\jdk1.8.0_191\jre\lib\sunrsasign.jar;C:\Program Files\Java\jdk1.8.0_191\jre\lib\jsse.jar;C:\Program Files\Java\jdk1.8.0_191\jre\lib\jce.jar;C:\Program Files\Java\jdk1.8.0_191\jre\lib\charsets.jar;C:\Program Files\Java\jdk1.8.0_191\jre\lib\jfr.jar;C:\Program Files\Java\jdk1.8.0_191\jre\classes, hibernate.hbm2ddl.auto=update, user.script=, sun.management.compiler=HotSpot 64-Bit Tiered Compilers, java.runtime.version=1.8.0_191-b12, user.name=Андрей, path.separator=;, os.version=6.1, java.endorsed.dirs=C:\Program Files\Java\jdk1.8.0_191\jre\lib\endorsed, java.runtime.name=Java(TM) SE Runtime Environment, hibernate.connection.url=jdbc:h2:mem:test, hibernate.ejb.persistenceUnitName=thePersistenceUnit, file.encoding=windows-1251, java.vm.name=Java HotSpot(TM) 64-Bit Server VM, java.vendor.url.bug=http://bugreport.sun.com/bugreport/, java.io.tmpdir=C:\Users\A4F7~1\AppData\Local\Temp\, java.version=1.8.0_191, user.dir=C:\Work\DataBaseOnHibernate, os.arch=amd64, java.vm.specification.name=Java Virtual Machine Specification, java.awt.printerjob=sun.awt.windows.WPrinterJob, sun.os.patch.level=Service Pack 1, hibernate.boot.CfgXmlAccessService.key=org.hibernate.boot.cfgxml.spi.LoadedConfig@10993713, java.library.path=C:\Program Files\Java\jdk1.8.0_191\bin;C:\Windows\Sun\Java\bin;C:\Windows\system32;C:\Windows;C:\Program Files (x86)\Common Files\Oracle\Java\javapath;C:\Windows\system32;C:\Windows;C:\Windows\System32\Wbem;C:\Windows\System32\WindowsPowerShell\v1.0\;C:\Program Files (x86)\NVIDIA Corporation\PhysX\Common;C:\Program Files\Java\C:\Program Files\Java\jdk-11.0.1;C:\Program Files\Gradle\bin;., java.vm.info=mixed mode, java.vendor=Oracle Corporation, java.vm.version=25.191-b12, hibernate.bytecode.use_reflection_optimizer=false, java.ext.dirs=C:\Program Files\Java\jdk1.8.0_191\jre\lib\ext;C:\Windows\Sun\Java\lib\ext, sun.io.unicode.encoding=UnicodeLittle, java.class.version=52.0}
2018-12-09 22:51:38.484 [main] DEBUG org.hibernate.secure.spi.JaccIntegrator - Skipping JACC integration as it was not enabled
2018-12-09 22:51:38.490 [main] DEBUG org.hibernate.internal.SessionFactoryImpl - Instantiated session factory
2018-12-09 22:51:38.490 [main] DEBUG org.hibernate.type.spi.TypeConfiguration$Scope - Scoping TypeConfiguration [org.hibernate.type.spi.TypeConfiguration@324a0017] to SessionFactoryImpl [org.hibernate.internal.SessionFactoryImpl@5c87bfe2]
2018-12-09 22:51:38.524 [main] INFO  org.hibernate.orm.connections.access - HHH10001501: Connection obtained from JdbcConnectionAccess [org.hibernate.engine.jdbc.env.internal.JdbcEnvironmentInitiator$ConnectionProviderJdbcConnectionAccess@470a696f] for (non-JTA) DDL execution was not in auto-commit mode; the Connection 'local transaction' will be committed and the Connection will be set into auto-commit mode.
2018-12-09 22:51:38.557 [main] DEBUG org.hibernate.engine.transaction.jta.platform.internal.JtaPlatformInitiator - No JtaPlatform was specified, checking resolver
2018-12-09 22:51:38.558 [main] DEBUG org.hibernate.engine.transaction.jta.platform.internal.JtaPlatformResolverInitiator - No JtaPlatformResolver was specified, using default [org.hibernate.engine.transaction.jta.platform.internal.StandardJtaPlatformResolver]
2018-12-09 22:51:38.561 [main] DEBUG org.hibernate.engine.transaction.jta.platform.internal.StandardJtaPlatformResolver - Could not resolve JtaPlatform, using default [org.hibernate.engine.transaction.jta.platform.internal.NoJtaPlatform]
2018-12-09 22:51:38.562 [main] DEBUG org.hibernate.query.spi.NamedQueryRepository - Checking 0 named HQL queries
2018-12-09 22:51:38.562 [main] DEBUG org.hibernate.query.spi.NamedQueryRepository - Checking 0 named SQL queries
2018-12-09 22:51:38.564 [main] DEBUG org.hibernate.internal.SessionFactoryRegistry - Initializing SessionFactoryRegistry : org.hibernate.internal.SessionFactoryRegistry@2488b073
2018-12-09 22:51:38.565 [main] DEBUG org.hibernate.internal.SessionFactoryRegistry - Registering SessionFactory: 5347c255-3d0e-49e8-bbaf-f34875809c4b (<unnamed>)
2018-12-09 22:51:38.565 [main] DEBUG org.hibernate.internal.SessionFactoryRegistry - Not binding SessionFactory to JNDI, no JNDI name configured
2018-12-09 22:51:38.633 [main] DEBUG org.hibernate.stat.internal.StatisticsInitiator - Statistics initialized [enabled=false]
2018-12-09 22:51:38.640 [main] DEBUG org.hibernate.engine.transaction.internal.TransactionImpl - On TransactionImpl creation, JpaCompliance#isJpaTransactionComplianceEnabled == false
2018-12-09 22:51:38.640 [main] DEBUG org.hibernate.engine.transaction.internal.TransactionImpl - begin
2018-12-09 22:51:38.642 [main] DEBUG org.hibernate.resource.transaction.backend.jdbc.internal.JdbcResourceLocalTransactionCoordinatorImpl - JDBC transaction marked for rollback-only (exception provided for stack trace)
java.lang.Exception: exception just for purpose of providing stack trace
	at org.hibernate.resource.transaction.backend.jdbc.internal.JdbcResourceLocalTransactionCoordinatorImpl$TransactionDriverControlImpl.markRollbackOnly(JdbcResourceLocalTransactionCoordinatorImpl.java:314) [hibernate-core-5.3.7.Final.jar:5.3.7.Final]
	at org.hibernate.engine.transaction.internal.TransactionImpl.markRollbackOnly(TransactionImpl.java:200) [hibernate-core-5.3.7.Final.jar:5.3.7.Final]
	at org.hibernate.internal.AbstractSharedSessionContract.markForRollbackOnly(AbstractSharedSessionContract.java:378) [hibernate-core-5.3.7.Final.jar:5.3.7.Final]
	at org.hibernate.internal.ExceptionConverterImpl.convert(ExceptionConverterImpl.java:191) [hibernate-core-5.3.7.Final.jar:5.3.7.Final]
	at org.hibernate.internal.SessionImpl.firePersist(SessionImpl.java:804) [hibernate-core-5.3.7.Final.jar:5.3.7.Final]
	at org.hibernate.internal.SessionImpl.persist(SessionImpl.java:785) [hibernate-core-5.3.7.Final.jar:5.3.7.Final]
	at DBOnHibernate.fillingDB(DBOnHibernate.java:31) [main/:?]
	at DBOnHibernate.main(DBOnHibernate.java:13) [main/:?]
2018-12-09 22:51:38.645 [main] DEBUG org.hibernate.internal.SessionFactoryImpl - HHH000031: Closing
2018-12-09 22:51:38.645 [main] DEBUG org.hibernate.type.spi.TypeConfiguration$Scope - Un-scoping TypeConfiguration [org.hibernate.type.spi.TypeConfiguration$Scope@4a067c25] from SessionFactory [org.hibernate.internal.SessionFactoryImpl@5c87bfe2]
2018-12-09 22:51:38.646 [main] DEBUG org.hibernate.service.internal.AbstractServiceRegistryImpl - Implicitly destroying ServiceRegistry on de-registration of all child ServiceRegistries
2018-12-09 22:51:38.646 [main] INFO  org.hibernate.orm.connections.pooling - HHH10001008: Cleaning up connection pool [jdbc:h2:mem:test]
2018-12-09 22:51:38.646 [main] ERROR org.hibernate.engine.jdbc.connections.internal.DriverManagerConnectionProviderImpl - Connection leak detected: there are 1 unclosed connections upon shutting down pool jdbc:h2:mem:test
2018-12-09 22:51:38.647 [main] DEBUG org.hibernate.boot.registry.internal.BootstrapServiceRegistryImpl - Implicitly destroying Boot-strap registry on de-registration of all child ServiceRegistries
